<?xml version="1.0" encoding="UTF-8"?>
<testsuite name="springbootdeveloper.config.jwt.TokenProviderTest" tests="5" skipped="0" failures="0" errors="0" timestamp="2023-09-13T12:19:43" hostname="DESKTOP-OS0OHJH" time="0.289">
  <properties/>
  <testcase name="validToken(): 유효한 토큰인 때에 유효성 검증에 성공한다." classname="springbootdeveloper.config.jwt.TokenProviderTest" time="0.216"/>
  <testcase name="validToken(): 만료된 토큰인 때에 유효성 검증에 실패한다." classname="springbootdeveloper.config.jwt.TokenProviderTest" time="0.004"/>
  <testcase name="getAuthentication(): 토큰 기반으로 인증 정보를 가져올 수 있다." classname="springbootdeveloper.config.jwt.TokenProviderTest" time="0.007"/>
  <testcase name="getUserId(): 토큰으로 유저 ID를 가져올 수 있다." classname="springbootdeveloper.config.jwt.TokenProviderTest" time="0.005"/>
  <testcase name="generateToken(): 유저 정보와 만료 기간을 전달해 토큰을 만들 수 있다." classname="springbootdeveloper.config.jwt.TokenProviderTest" time="0.056"/>
  <system-out><![CDATA[21:19:40.098 [Test worker] DEBUG org.springframework.boot.test.context.SpringBootTestContextBootstrapper - Neither @ContextConfiguration nor @ContextHierarchy found for test class [TokenProviderTest]: using SpringBootContextLoader
21:19:40.102 [Test worker] DEBUG org.springframework.test.context.support.AbstractContextLoader - Could not detect default resource locations for test class [springbootdeveloper.config.jwt.TokenProviderTest]: no resource found for suffixes {-context.xml, Context.groovy}.
21:19:40.103 [Test worker] INFO org.springframework.test.context.support.AnnotationConfigContextLoaderUtils - Could not detect default configuration classes for test class [springbootdeveloper.config.jwt.TokenProviderTest]: TokenProviderTest does not declare any static, non-private, non-final, nested classes annotated with @Configuration.
21:19:40.124 [Test worker] DEBUG org.springframework.boot.test.context.SpringBootTestContextBootstrapper - Using ContextCustomizers for test class [TokenProviderTest]: [DisableObservabilityContextCustomizer, PropertyMappingContextCustomizer, Customizer, ExcludeFilterContextCustomizer, DuplicateJsonObjectContextCustomizer, MockitoContextCustomizer, TestRestTemplateContextCustomizer]
21:19:40.187 [Test worker] DEBUG org.springframework.context.annotation.ClassPathScanningCandidateComponentProvider - Identified candidate component class: file [C:\Users\82109\Desktop\study\springboot-developer\build\classes\java\main\springbootdeveloper\SpringBootDeveloperApplication.class]
21:19:40.188 [Test worker] INFO org.springframework.boot.test.context.SpringBootTestContextBootstrapper - Found @SpringBootConfiguration springbootdeveloper.SpringBootDeveloperApplication for test class springbootdeveloper.config.jwt.TokenProviderTest
21:19:40.272 [Test worker] DEBUG org.springframework.boot.test.context.SpringBootTestContextBootstrapper - Using TestExecutionListeners for test class [TokenProviderTest]: [ServletTestExecutionListener, DirtiesContextBeforeModesTestExecutionListener, ApplicationEventsTestExecutionListener, MockitoTestExecutionListener, DependencyInjectionTestExecutionListener, DirtiesContextTestExecutionListener, TransactionalTestExecutionListener, SqlScriptsTestExecutionListener, WithSecurityContextTestExecutionListener, EventPublishingTestExecutionListener, ReactorContextTestExecutionListener, RestDocsTestExecutionListener, MockRestServiceServerResetTestExecutionListener, MockMvcPrintOnlyOnFailureTestExecutionListener, WebDriverTestExecutionListener, MockWebServiceServerTestExecutionListener, ResetMocksTestExecutionListener]
21:19:40.273 [Test worker] DEBUG org.springframework.test.context.support.AbstractDirtiesContextTestExecutionListener - Before test class: class [TokenProviderTest], class annotated with @DirtiesContext [false] with mode [null]

  .   ____          _            __ _ _
 /\\ / ___'_ __ _ _(_)_ __  __ _ \ \ \ \
( ( )\___ | '_ | '_| | '_ \/ _` | \ \ \ \
 \\/  ___)| |_)| | | | | || (_| |  ) ) ) )
  '  |____| .__|_| |_|_| |_\__, | / / / /
 =========|_|==============|___/=/_/_/_/
 :: Spring Boot ::                (v3.0.2)

2023-09-13T21:19:40.531+09:00  INFO 14220 --- [    Test worker] s.config.jwt.TokenProviderTest           : Starting TokenProviderTest using Java 17.0.7 with PID 14220 (started by 82109 in C:\Users\82109\Desktop\study\springboot-developer)
2023-09-13T21:19:40.532+09:00  INFO 14220 --- [    Test worker] s.config.jwt.TokenProviderTest           : No active profile set, falling back to 1 default profile: "default"
2023-09-13T21:19:41.060+09:00  INFO 14220 --- [    Test worker] .s.d.r.c.RepositoryConfigurationDelegate : Bootstrapping Spring Data JPA repositories in DEFAULT mode.
2023-09-13T21:19:41.112+09:00  INFO 14220 --- [    Test worker] .s.d.r.c.RepositoryConfigurationDelegate : Finished Spring Data repository scanning in 45 ms. Found 3 JPA repository interfaces.
2023-09-13T21:19:41.466+09:00  INFO 14220 --- [    Test worker] com.zaxxer.hikari.HikariDataSource       : HikariPool-1 - Starting...
2023-09-13T21:19:41.632+09:00  INFO 14220 --- [    Test worker] com.zaxxer.hikari.pool.HikariPool        : HikariPool-1 - Added connection conn0: url=jdbc:h2:mem:1e4116ab-a0ad-4f8d-a9da-8af8b88aefa7 user=SA
2023-09-13T21:19:41.633+09:00  INFO 14220 --- [    Test worker] com.zaxxer.hikari.HikariDataSource       : HikariPool-1 - Start completed.
2023-09-13T21:19:41.670+09:00  INFO 14220 --- [    Test worker] o.hibernate.jpa.internal.util.LogHelper  : HHH000204: Processing PersistenceUnitInfo [name: default]
2023-09-13T21:19:41.716+09:00  INFO 14220 --- [    Test worker] org.hibernate.Version                    : HHH000412: Hibernate ORM core version 6.1.6.Final
2023-09-13T21:19:41.869+09:00  WARN 14220 --- [    Test worker] org.hibernate.orm.deprecation            : HHH90000021: Encountered deprecated setting [javax.persistence.sharedCache.mode], use [jakarta.persistence.sharedCache.mode] instead
2023-09-13T21:19:41.995+09:00  INFO 14220 --- [    Test worker] SQL dialect                              : HHH000400: Using dialect: org.hibernate.dialect.H2Dialect
Hibernate: 
    
    drop table if exists article cascade 
Hibernate: 
    
    drop table if exists refresh_token cascade 
Hibernate: 
    
    drop table if exists users cascade 
Hibernate: 
    
    create table article (
       id bigint generated by default as identity,
        author varchar(255) not null,
        content varchar(255) not null,
        created_at timestamp(6),
        title varchar(255) not null,
        updated_at timestamp(6),
        primary key (id)
    )
Hibernate: 
    
    create table refresh_token (
       id bigint generated by default as identity,
        refresh_token varchar(255) not null,
        user_id bigint not null,
        primary key (id)
    )
Hibernate: 
    
    create table users (
       id bigint generated by default as identity,
        email varchar(255) not null,
        nickname varchar(255),
        password varchar(255),
        primary key (id)
    )
Hibernate: 
    
    alter table if exists refresh_token 
       add constraint UK_f95ixxe7pa48ryn1awmh2evt7 unique (user_id)
Hibernate: 
    
    alter table if exists users 
       add constraint UK_6dotkott2kjsp8vw4d0m25fb7 unique (email)
Hibernate: 
    
    alter table if exists users 
       add constraint UK_2ty1xmrrgtn89xt7kyxx6ta7h unique (nickname)
2023-09-13T21:19:42.608+09:00  INFO 14220 --- [    Test worker] o.h.e.t.j.p.i.JtaPlatformInitiator       : HHH000490: Using JtaPlatform implementation: [org.hibernate.engine.transaction.jta.platform.internal.NoJtaPlatform]
2023-09-13T21:19:42.615+09:00  INFO 14220 --- [    Test worker] j.LocalContainerEntityManagerFactoryBean : Initialized JPA EntityManagerFactory for persistence unit 'default'
2023-09-13T21:19:42.952+09:00  WARN 14220 --- [    Test worker] JpaBaseConfiguration$JpaWebConfiguration : spring.jpa.open-in-view is enabled by default. Therefore, database queries may be performed during view rendering. Explicitly configure spring.jpa.open-in-view to disable this warning
2023-09-13T21:19:43.261+09:00  INFO 14220 --- [    Test worker] o.s.s.web.DefaultSecurityFilterChain     : Will secure any request with [org.springframework.security.web.session.DisableEncodeUrlFilter@6b7e4db6, org.springframework.security.web.context.request.async.WebAsyncManagerIntegrationFilter@5c59dfc7, org.springframework.security.web.context.SecurityContextHolderFilter@3733b1f4, org.springframework.security.web.header.HeaderWriterFilter@5c8e7687, org.springframework.security.web.authentication.logout.LogoutFilter@73a88711, org.springframework.security.oauth2.client.web.OAuth2AuthorizationRequestRedirectFilter@c76762, org.springframework.security.oauth2.client.web.OAuth2LoginAuthenticationFilter@5318731f, springbootdeveloper.config.TokenAuthenticationFilter@14745c3c, org.springframework.security.web.savedrequest.RequestCacheAwareFilter@4e93d23e, org.springframework.security.web.servletapi.SecurityContextHolderAwareRequestFilter@743b7025, org.springframework.security.web.authentication.AnonymousAuthenticationFilter@40ed4674, org.springframework.security.web.session.SessionManagementFilter@6c056020, org.springframework.security.web.access.ExceptionTranslationFilter@328e687e, org.springframework.security.web.access.intercept.FilterSecurityInterceptor@5fee3c9c]
2023-09-13T21:19:43.494+09:00  INFO 14220 --- [    Test worker] o.s.b.a.h2.H2ConsoleAutoConfiguration    : H2 console available at '/h2-console'. Database available at 'jdbc:h2:mem:1e4116ab-a0ad-4f8d-a9da-8af8b88aefa7'
2023-09-13T21:19:43.530+09:00  WARN 14220 --- [    Test worker] o.s.s.c.a.web.builders.WebSecurity       : You are asking Spring Security to ignore org.springframework.boot.autoconfigure.security.servlet.PathRequest$H2ConsoleRequestMatcher@3da701a1. This is not recommended -- please use permitAll via HttpSecurity#authorizeHttpRequests instead.
2023-09-13T21:19:43.530+09:00  INFO 14220 --- [    Test worker] o.s.s.web.DefaultSecurityFilterChain     : Will not secure org.springframework.boot.autoconfigure.security.servlet.PathRequest$H2ConsoleRequestMatcher@3da701a1
2023-09-13T21:19:43.530+09:00  WARN 14220 --- [    Test worker] o.s.s.c.a.web.builders.WebSecurity       : You are asking Spring Security to ignore Mvc [pattern='/img/**']. This is not recommended -- please use permitAll via HttpSecurity#authorizeHttpRequests instead.
2023-09-13T21:19:43.531+09:00  INFO 14220 --- [    Test worker] o.s.s.web.DefaultSecurityFilterChain     : Will not secure Mvc [pattern='/img/**']
2023-09-13T21:19:43.531+09:00  WARN 14220 --- [    Test worker] o.s.s.c.a.web.builders.WebSecurity       : You are asking Spring Security to ignore Mvc [pattern='/css/**']. This is not recommended -- please use permitAll via HttpSecurity#authorizeHttpRequests instead.
2023-09-13T21:19:43.531+09:00  INFO 14220 --- [    Test worker] o.s.s.web.DefaultSecurityFilterChain     : Will not secure Mvc [pattern='/css/**']
2023-09-13T21:19:43.531+09:00  WARN 14220 --- [    Test worker] o.s.s.c.a.web.builders.WebSecurity       : You are asking Spring Security to ignore Mvc [pattern='/js/**']. This is not recommended -- please use permitAll via HttpSecurity#authorizeHttpRequests instead.
2023-09-13T21:19:43.531+09:00  INFO 14220 --- [    Test worker] o.s.s.web.DefaultSecurityFilterChain     : Will not secure Mvc [pattern='/js/**']
2023-09-13T21:19:43.568+09:00  INFO 14220 --- [    Test worker] s.config.jwt.TokenProviderTest           : Started TokenProviderTest in 3.258 seconds (process running for 4.202)
Hibernate: 
    insert 
    into
        users
        (id, email, nickname, password) 
    values
        (default, ?, ?, ?)
]]></system-out>
  <system-err><![CDATA[]]></system-err>
</testsuite>
